<?xml version="1.0" encoding="UTF-8"?>
<!-- Generated by org.testng.reporters.JUnitXMLReporter -->
<testsuite ignored="0" hostname="Calamardo" failures="0" tests="8" name="Surefire test" time="0.089" errors="0" timestamp="2021-07-26T18:27:12 COT">
  <testcase classname="pc2.vacunacion.MainTest" name="usuarioCreateCentroTest on usuarioCreateCentroTest(pc2.vacunacion.MainTest)" time="0.028"/>
  <testcase classname="pc2.vacunacion.MainTest" name="avanceTest on avanceTest(pc2.vacunacion.MainTest)" time="0.027"/>
  <testcase classname="pc2.vacunacion.MainTest" name="addTests on addTests(pc2.vacunacion.MainTest)" time="0.027"/>
  <testcase classname="pc2.vacunacion.MainTest" name="loginSucessTest on loginSucessTest(pc2.vacunacion.MainTest)" time="0.028"/>
  <testcase classname="pc2.vacunacion.MainTest" name="loginFailTest on loginFailTest(pc2.vacunacion.MainTest)" time="0.028"/>
  <testcase classname="pc2.vacunacion.MainTest" name="coberturaTest on coberturaTest(pc2.vacunacion.MainTest)" time="0.028"/>
  <testcase classname="pc2.vacunacion.MainTest" name="deleteCentroTest2 on deleteCentroTest2(pc2.vacunacion.MainTest)" time="0.028"/>
  <testcase classname="pc2.vacunacion.MainTest" name="centroParcialTest on centroParcialTest(pc2.vacunacion.MainTest)" time="0.028"/>
</testsuite> <!-- Surefire test -->
