<?xml version="1.0" encoding="UTF-8"?>
<testsuite xmlns:xsi="http://www.w3.org/2001/XMLSchema-instance" xsi:noNamespaceSchemaLocation="https://maven.apache.org/surefire/maven-surefire-plugin/xsd/surefire-test-report.xsd" name="pc2.vacunacion.MainTest" time="0.464" tests="8" errors="0" skipped="0" failures="0">
  <properties>
[...]
</properties>
  <testcase name="usuarioCreateCentroTest on usuarioCreateCentroTest(pc2.vacunacion.MainTest)" classname="pc2.vacunacion.MainTest" time="0.017"/>
  <testcase name="avanceTest on avanceTest(pc2.vacunacion.MainTest)" classname="pc2.vacunacion.MainTest" time="0"/>
  <testcase name="addTests on addTests(pc2.vacunacion.MainTest)" classname="pc2.vacunacion.MainTest" time="0"/>
  <testcase name="loginSucessTest on loginSucessTest(pc2.vacunacion.MainTest)" classname="pc2.vacunacion.MainTest" time="0"/>
  <testcase name="loginFailTest on loginFailTest(pc2.vacunacion.MainTest)" classname="pc2.vacunacion.MainTest" time="0"/>
  <testcase name="coberturaTest on coberturaTest(pc2.vacunacion.MainTest)" classname="pc2.vacunacion.MainTest" time="0"/>
  <testcase name="deleteCentroTest2 on deleteCentroTest2(pc2.vacunacion.MainTest)" classname="pc2.vacunacion.MainTest" time="0"/>
  <testcase name="centroParcialTest on centroParcialTest(pc2.vacunacion.MainTest)" classname="pc2.vacunacion.MainTest" time="0"/>
</testsuite>